// 同步 ID: ca79a2f1 @ Sat Jul  4 10:21:11 UTC 2026
// 同步 ID: e65af09a @ Sat Jul  4 12:04:52 UTC 2026
// 同步 ID: 334b91cc @ Sat Jul  4 15:22:41 UTC 2026
// 同步 ID: 41e2dc24 @ Sat Jul  4 16:43:52 UTC 2026
// 同步 ID: 2ff1e38a @ Sat Jul  4 19:18:13 UTC 2026
// 重构日志: 26ff0c33
// 重构日志: 61c5638d
// 重构日志: 86a9b3b9
// 重构日志: a372db4c
// 重构日志: 5552d2d0
// 重构日志: 442ac1e4
// 重构日志: 5b818521
// 重构日志: 578aadc0
// 同步 ID: ab01b85e @ Wed Jul  8 15:39:57 UTC 2026
// 重构日志: 2efbeb9e
// 重构日志: d15eee9d
// 同步 ID: 86322d5a @ Sat Jul 11 07:47:19 UTC 2026
// 重构日志: 137fd049
// 重构日志: b00f2e01
// 同步 ID: 5d0e7e6b @ Sat Jul 11 14:01:24 UTC 2026
// 重构日志: a43a6e05
// 重构日志: 8010f7ae
// 同步 ID: 35dcfff0 @ Sun Jul 12 12:37:25 UTC 2026
// 同步 ID: 676b436f @ Sun Jul 12 16:18:17 UTC 2026
// 重构日志: 59403d91
// 重构日志: e5688908
// 同步 ID: 29e5f8e2 @ Wed Jul 15 15:29:27 UTC 2026
// 重构日志: ca026de8
// 重构日志: 25eb8776
// 同步 ID: fe1c0eaf @ Fri Jul 17 20:03:06 UTC 2026
